{"devicePlatform":"","logFolder":"D:\\(Katalon studio) GitProject\\PnG_Merchandising\\PnG_Merchandising\\Reports\\PnG Merchandising Scripts With Overwrite Scenarios\\20180522_102321","runData":{"hostName":"Fahad Shah - Dell-E6420","hostAddress":"192.168.3.79","os":"Windows 8 64bit","katalonVersion":"5.4.1.1"},"type":"TEST_SUITE","name":"PnG Merchandising Scripts With Overwrite Scenarios","id":"Test Suites/PnG Merchandising Scripts With Overwrite Scenarios","source":"","message":"Test Cases/LaunchingApp/LaunchApp FAILED because (of) Unable to start app at: \u0027D:\\QAAutomation\\Builds\\png_local_300418.apk\u0027 (Root cause: com.kms.katalon.core.appium.exception.AppiumStartException: Fail to start Appium server in 30 seconds)","description":"","startTime":1526966606248,"endTime":1526966648074,"childRecords":[{"isOptional":false,"type":"TEST_CASE","name":"Test Cases/LaunchingApp/LaunchApp","id":"Test Cases/LaunchingApp/LaunchApp","source":"D:\\\\(Katalon studio) GitProject\\\\PnG_Merchandising\\\\PnG_Merchandising\\\\Test Cases\\\\LaunchingApp\\\\LaunchApp.tc","message":"Test Cases/LaunchingApp/LaunchApp FAILED because (of) Unable to start app at: \u0027D:\\QAAutomation\\Builds\\png_local_300418.apk\u0027 (Root cause: com.kms.katalon.core.appium.exception.AppiumStartException: Fail to start Appium server in 30 seconds)","description":"","startTime":1526966607654,"endTime":1526966640898,"childRecords":[{"testStatus":{"stackTrace":"","statusValue":"INFO"},"type":"MESSAGE","name":"","message":"Evaluating variables for test case","startTime":1526966607928,"endTime":0,"childRecords":[],"interuppted":false},{"index":1,"isIgnoredIfFailed":false,"type":"TEST_STEP","name":"startApplication","message":"Unable to start app at: \u0027D:\\QAAutomation\\Builds\\png_local_300418.apk\u0027 (Root cause: com.kms.katalon.core.appium.exception.AppiumStartException: Fail to start Appium server in 30 seconds)","description":"","startTime":1526966608803,"endTime":1526966640865,"childRecords":[{"testStatus":{"stackTrace":"","statusValue":"FAILED"},"type":"MESSAGE","name":"","message":"Unable to start app at: \u0027D:\\QAAutomation\\Builds\\png_local_300418.apk\u0027 (Root cause: com.kms.katalon.core.appium.exception.AppiumStartException: Fail to start Appium server in 30 seconds)","startTime":1526966640840,"endTime":0,"childRecords":[],"interuppted":false}],"interuppted":false},{"testStatus":{"stackTrace":"","statusValue":"FAILED"},"type":"MESSAGE","name":"","message":"Test Cases/LaunchingApp/LaunchApp FAILED because (of) Unable to start app at: \u0027D:\\QAAutomation\\Builds\\png_local_300418.apk\u0027 (Root cause: com.kms.katalon.core.appium.exception.AppiumStartException: Fail to start Appium server in 30 seconds)","startTime":1526966640872,"endTime":0,"childRecords":[],"interuppted":false}],"interuppted":false},{"isOptional":false,"type":"TEST_CASE","name":"Test Cases/DistributionRegion/VisitDistributionRegion","id":"Test Cases/DistributionRegion/VisitDistributionRegion","source":"D:\\\\(Katalon studio) GitProject\\\\PnG_Merchandising\\\\PnG_Merchandising\\\\Test Cases\\\\DistributionRegion\\\\VisitDistributionRegion.tc","message":"Test Cases/DistributionRegion/VisitDistributionRegion FAILED because (of) No driver found","description":"","startTime":1526966640917,"endTime":1526966642941,"childRecords":[{"testStatus":{"stackTrace":"","statusValue":"INFO"},"type":"MESSAGE","name":"","message":"Evaluating variables for test case","startTime":1526966641065,"endTime":0,"childRecords":[],"interuppted":false},{"index":1,"isIgnoredIfFailed":false,"type":"TEST_STEP","name":"verifyElementExist","message":"Timeout \u00270\u0027 is invalid. Using default page load timeout: \u002730\u0027","description":"","startTime":1526966642256,"endTime":1526966642934,"childRecords":[{"testStatus":{"stackTrace":"","statusValue":"WARNING"},"type":"MESSAGE","name":"","message":"Timeout \u00270\u0027 is invalid. Using default page load timeout: \u002730\u0027","startTime":1526966642475,"endTime":0,"childRecords":[],"interuppted":false}],"interuppted":false},{"testStatus":{"stackTrace":"","statusValue":"FAILED"},"type":"MESSAGE","name":"","message":"Test Cases/DistributionRegion/VisitDistributionRegion FAILED because (of) No driver found","startTime":1526966642935,"endTime":0,"childRecords":[],"interuppted":false}],"interuppted":false},{"isOptional":false,"type":"TEST_CASE","name":"Test Cases/ChooseHFSShop/SelectAndStartYourDay","id":"Test Cases/ChooseHFSShop/SelectAndStartYourDay","source":"D:\\\\(Katalon studio) GitProject\\\\PnG_Merchandising\\\\PnG_Merchandising\\\\Test Cases\\\\ChooseHFSShop\\\\SelectAndStartYourDay.tc","message":"Test Cases/ChooseHFSShop/SelectAndStartYourDay FAILED because (of) No driver found","description":"","startTime":1526966643034,"endTime":1526966643801,"childRecords":[{"testStatus":{"stackTrace":"","statusValue":"INFO"},"type":"MESSAGE","name":"","message":"Evaluating variables for test case","startTime":1526966643166,"endTime":0,"childRecords":[],"interuppted":false},{"index":1,"isIgnoredIfFailed":false,"type":"TEST_STEP","name":"verifyElementExist","message":"Timeout \u00270\u0027 is invalid. Using default page load timeout: \u002730\u0027","description":"","startTime":1526966643616,"endTime":1526966643770,"childRecords":[{"testStatus":{"stackTrace":"","statusValue":"WARNING"},"type":"MESSAGE","name":"","message":"Timeout \u00270\u0027 is invalid. Using default page load timeout: \u002730\u0027","startTime":1526966643752,"endTime":0,"childRecords":[],"interuppted":false}],"interuppted":false},{"testStatus":{"stackTrace":"","statusValue":"FAILED"},"type":"MESSAGE","name":"","message":"Test Cases/ChooseHFSShop/SelectAndStartYourDay FAILED because (of) No driver found","startTime":1526966643777,"endTime":0,"childRecords":[],"interuppted":false}],"interuppted":false},{"isOptional":false,"type":"TEST_CASE","name":"Test Cases/ChooseHFSShop/ChooseShopForShopOpen","id":"Test Cases/ChooseHFSShop/ChooseShopForShopOpen","source":"D:\\\\(Katalon studio) GitProject\\\\PnG_Merchandising\\\\PnG_Merchandising\\\\Test Cases\\\\ChooseHFSShop\\\\ChooseShopForShopOpen.tc","message":"Test Cases/ChooseHFSShop/ChooseShopForShopOpen FAILED because (of) No driver found","description":"","startTime":1526966643809,"endTime":1526966644723,"childRecords":[{"testStatus":{"stackTrace":"","statusValue":"INFO"},"type":"MESSAGE","name":"","message":"Evaluating variables for test case","startTime":1526966643940,"endTime":0,"childRecords":[],"interuppted":false},{"index":1,"isIgnoredIfFailed":false,"type":"TEST_STEP","name":"verifyElementText","message":"Checking timeout","description":"","startTime":1526966644589,"endTime":1526966644712,"childRecords":[],"interuppted":false},{"testStatus":{"stackTrace":"","statusValue":"FAILED"},"type":"MESSAGE","name":"","message":"Test Cases/ChooseHFSShop/ChooseShopForShopOpen FAILED because (of) No driver found","startTime":1526966644716,"endTime":0,"childRecords":[],"interuppted":false}],"interuppted":false},{"isOptional":false,"type":"TEST_CASE","name":"Test Cases/ChooseHFSShop/ShopOpen/VisitShopOpen","id":"Test Cases/ChooseHFSShop/ShopOpen/VisitShopOpen","source":"D:\\\\(Katalon studio) GitProject\\\\PnG_Merchandising\\\\PnG_Merchandising\\\\Test Cases\\\\ChooseHFSShop\\\\ShopOpen\\\\VisitShopOpen.tc","message":"Test Cases/ChooseHFSShop/ShopOpen/VisitShopOpen FAILED because (of) No driver found","description":"","startTime":1526966644734,"endTime":1526966645541,"childRecords":[{"testStatus":{"stackTrace":"","statusValue":"INFO"},"type":"MESSAGE","name":"","message":"Evaluating variables for test case","startTime":1526966645046,"endTime":0,"childRecords":[],"interuppted":false},{"index":1,"isIgnoredIfFailed":false,"type":"TEST_STEP","name":"verifyElementText","message":"Checking timeout","description":"","startTime":1526966645397,"endTime":1526966645528,"childRecords":[],"interuppted":false},{"testStatus":{"stackTrace":"","statusValue":"FAILED"},"type":"MESSAGE","name":"","message":"Test Cases/ChooseHFSShop/ShopOpen/VisitShopOpen FAILED because (of) No driver found","startTime":1526966645537,"endTime":0,"childRecords":[],"interuppted":false}],"interuppted":false},{"isOptional":false,"type":"TEST_CASE","name":"Test Cases/ChooseHFSShop/ShopOpen/ShopProducts/VisitShopProducts","id":"Test Cases/ChooseHFSShop/ShopOpen/ShopProducts/VisitShopProducts","source":"D:\\\\(Katalon studio) GitProject\\\\PnG_Merchandising\\\\PnG_Merchandising\\\\Test Cases\\\\ChooseHFSShop\\\\ShopOpen\\\\ShopProducts\\\\VisitShopProducts.tc","message":"Test Cases/ChooseHFSShop/ShopOpen/ShopProducts/VisitShopProducts FAILED because (of) No driver found","description":"","startTime":1526966645544,"endTime":1526966646269,"childRecords":[{"testStatus":{"stackTrace":"","statusValue":"INFO"},"type":"MESSAGE","name":"","message":"Evaluating variables for test case","startTime":1526966645648,"endTime":0,"childRecords":[],"interuppted":false},{"index":1,"isIgnoredIfFailed":false,"type":"TEST_STEP","name":"verifyElementExist","message":"Timeout \u00270\u0027 is invalid. Using default page load timeout: \u002730\u0027","description":"","startTime":1526966646219,"endTime":1526966646261,"childRecords":[{"testStatus":{"stackTrace":"","statusValue":"WARNING"},"type":"MESSAGE","name":"","message":"Timeout \u00270\u0027 is invalid. Using default page load timeout: \u002730\u0027","startTime":1526966646253,"endTime":0,"childRecords":[],"interuppted":false}],"interuppted":false},{"testStatus":{"stackTrace":"","statusValue":"FAILED"},"type":"MESSAGE","name":"","message":"Test Cases/ChooseHFSShop/ShopOpen/ShopProducts/VisitShopProducts FAILED because (of) No driver found","startTime":1526966646268,"endTime":0,"childRecords":[],"interuppted":false}],"interuppted":false},{"isOptional":false,"type":"TEST_CASE","name":"Test Cases/ChooseHFSShop/ShopOpen/ShopProducts/OverwriteShopProducts","id":"Test Cases/ChooseHFSShop/ShopOpen/ShopProducts/OverwriteShopProducts","source":"D:\\\\(Katalon studio) GitProject\\\\PnG_Merchandising\\\\PnG_Merchandising\\\\Test Cases\\\\ChooseHFSShop\\\\ShopOpen\\\\ShopProducts\\\\OverwriteShopProducts.tc","message":"Test Cases/ChooseHFSShop/ShopOpen/ShopProducts/OverwriteShopProducts FAILED because (of) No driver found","description":"","startTime":1526966646287,"endTime":1526966646915,"childRecords":[{"testStatus":{"stackTrace":"","statusValue":"INFO"},"type":"MESSAGE","name":"","message":"Evaluating variables for test case","startTime":1526966646382,"endTime":0,"childRecords":[],"interuppted":false},{"index":1,"isIgnoredIfFailed":false,"type":"TEST_STEP","name":"swipe","description":"","startTime":1526966646744,"endTime":1526966646883,"childRecords":[],"interuppted":false},{"testStatus":{"stackTrace":"","statusValue":"FAILED"},"type":"MESSAGE","name":"","message":"Test Cases/ChooseHFSShop/ShopOpen/ShopProducts/OverwriteShopProducts FAILED because (of) No driver found","startTime":1526966646884,"endTime":0,"childRecords":[],"interuppted":false}],"interuppted":false},{"isOptional":false,"type":"TEST_CASE","name":"Test Cases/ChooseHFSShop/ShopOpen/SaveShop","id":"Test Cases/ChooseHFSShop/ShopOpen/SaveShop","source":"D:\\\\(Katalon studio) GitProject\\\\PnG_Merchandising\\\\PnG_Merchandising\\\\Test Cases\\\\ChooseHFSShop\\\\ShopOpen\\\\SaveShop.tc","message":"Test Cases/ChooseHFSShop/ShopOpen/SaveShop FAILED because (of) No driver found","description":"","startTime":1526966646931,"endTime":1526966647441,"childRecords":[{"testStatus":{"stackTrace":"","statusValue":"INFO"},"type":"MESSAGE","name":"","message":"Evaluating variables for test case","startTime":1526966646942,"endTime":0,"childRecords":[],"interuppted":false},{"index":1,"isIgnoredIfFailed":false,"type":"TEST_STEP","name":"tap","message":"Timeout \u00270\u0027 is invalid. Using default page load timeout: \u002730\u0027","description":"","startTime":1526966647279,"endTime":1526966647432,"childRecords":[{"testStatus":{"stackTrace":"","statusValue":"WARNING"},"type":"MESSAGE","name":"","message":"Timeout \u00270\u0027 is invalid. Using default page load timeout: \u002730\u0027","startTime":1526966647430,"endTime":0,"childRecords":[],"interuppted":false}],"interuppted":false},{"testStatus":{"stackTrace":"","statusValue":"FAILED"},"type":"MESSAGE","name":"","message":"Test Cases/ChooseHFSShop/ShopOpen/SaveShop FAILED because (of) No driver found","startTime":1526966647440,"endTime":0,"childRecords":[],"interuppted":false}],"interuppted":false}],"interuppted":false}